\BOOKMARK [0][-]{chapter.1}{\376\377\000I\000n\000t\000r\000o\000d\000u\000c\000t\000i\000o\000n}{}% 1
\BOOKMARK [1][-]{section.1.1}{\376\377\000E\000l\000e\000m\000e\000n\000t\000a\000r\000y\000\040\000S\000e\000t\000\040\000T\000h\000e\000o\000r\000y}{chapter.1}% 2
\BOOKMARK [1][-]{section.1.2}{\376\377\000L\000o\000g\000i\000c\000a\000l\000\040\000N\000o\000t\000a\000t\000i\000o\000n}{chapter.1}% 3
\BOOKMARK [1][-]{section.1.3}{\376\377\000P\000r\000e\000d\000i\000c\000a\000t\000e\000s\000\040\000a\000n\000d\000\040\000Q\000u\000a\000n\000t\000i\000f\000i\000e\000r\000s}{chapter.1}% 4
\BOOKMARK [1][-]{section.1.4}{\376\377\000A\000\040\000F\000o\000r\000m\000a\000l\000\040\000L\000a\000n\000g\000u\000a\000g\000e\000\040\000f\000o\000r\000\040\000S\000e\000t\000\040\000T\000h\000e\000o\000r\000y}{chapter.1}% 5
\BOOKMARK [2][-]{subsection.1.4.1}{}{section.1.4}% 6
\BOOKMARK [2][-]{subsection.1.4.2}{}{section.1.4}% 7
\BOOKMARK [2][-]{subsection.1.4.3}{}{section.1.4}% 8
\BOOKMARK [2][-]{subsection.1.4.4}{}{section.1.4}% 9
\BOOKMARK [2][-]{subsection.1.4.5}{}{section.1.4}% 10
\BOOKMARK [2][-]{subsection.1.4.6}{}{section.1.4}% 11
\BOOKMARK [2][-]{subsection.1.4.7}{}{section.1.4}% 12
\BOOKMARK [2][-]{subsection.1.4.8}{}{section.1.4}% 13
\BOOKMARK [1][-]{section.1.5}{\376\377\000T\000h\000e\000\040\000Z\000e\000r\000m\000e\000l\000o\000-\000F\000r\000a\000e\000n\000k\000e\000l\000\040\000A\000x\000i\000o\000m\000s}{chapter.1}% 14
\BOOKMARK [2][-]{subsection.1.5.1}{}{section.1.5}% 15
\BOOKMARK [2][-]{subsection.1.5.2}{}{section.1.5}% 16
\BOOKMARK [2][-]{subsection.1.5.3}{}{section.1.5}% 17
\BOOKMARK [2][-]{subsection.1.5.4}{}{section.1.5}% 18
\BOOKMARK [2][-]{subsection.1.5.5}{}{section.1.5}% 19
\BOOKMARK [2][-]{subsection.1.5.6}{}{section.1.5}% 20
\BOOKMARK [2][-]{subsection.1.5.7}{}{section.1.5}% 21
\BOOKMARK [2][-]{subsection.1.5.8}{}{section.1.5}% 22
\BOOKMARK [2][-]{subsection.1.5.9}{}{section.1.5}% 23
\BOOKMARK [2][-]{subsection.1.5.10}{}{section.1.5}% 24
\BOOKMARK [0][-]{chapter.2}{\376\377\000B\000a\000s\000i\000c\000\040\000S\000e\000t\000-\000B\000u\000i\000l\000d\000i\000n\000g\000\040\000A\000x\000i\000o\000m\000s\000\040\000a\000n\000d\000\040\000O\000p\000e\000r\000a\000t\000i\000o\000n\000s}{}% 25
\BOOKMARK [1][-]{section.2.1}{\376\377\000T\000h\000e\000\040\000F\000i\000r\000s\000t\000\040\000S\000i\000x\000\040\000A\000x\000i\000o\000m\000s}{chapter.2}% 26
\BOOKMARK [1][-]{section.2.2}{\376\377\000O\000p\000e\000r\000a\000t\000i\000o\000n\000s\000\040\000o\000n\000\040\000S\000e\000t\000s}{chapter.2}% 27
\BOOKMARK [2][-]{subsection.2.2.1}{}{section.2.2}% 28
\BOOKMARK [2][-]{subsection.2.2.2}{}{section.2.2}% 29
\BOOKMARK [2][-]{subsection.2.2.3}{}{section.2.2}% 30
\BOOKMARK [0][-]{chapter.3}{\376\377\000R\000e\000l\000a\000t\000i\000o\000n\000s\000\040\000a\000n\000d\000\040\000F\000u\000n\000c\000t\000i\000o\000n\000s}{}% 31
\BOOKMARK [1][-]{section.3.1}{\376\377\000O\000r\000d\000e\000r\000e\000d\000\040\000P\000a\000i\000r\000s\000\040\000i\000n\000\040\000S\000e\000t\000\040\000T\000h\000e\000o\000r\000y}{chapter.3}% 32
\BOOKMARK [2][-]{subsection.3.1.1}{}{section.3.1}% 33
\BOOKMARK [2][-]{subsection.3.1.2}{}{section.3.1}% 34
\BOOKMARK [2][-]{subsection.3.1.3}{}{section.3.1}% 35
\BOOKMARK [2][-]{subsection.3.1.4}{}{section.3.1}% 36
\BOOKMARK [1][-]{section.3.2}{\376\377\000R\000e\000l\000a\000t\000i\000o\000n\000s}{chapter.3}% 37
\BOOKMARK [2][-]{subsection.3.2.1}{}{section.3.2}% 38
\BOOKMARK [2][-]{subsection.3.2.2}{}{section.3.2}% 39
\BOOKMARK [1][-]{section.3.3}{\376\377\000F\000u\000n\000c\000t\000i\000o\000n\000s}{chapter.3}% 40
\BOOKMARK [1][-]{section.3.4}{\376\377\000O\000r\000d\000e\000r\000\040\000R\000e\000l\000a\000t\000i\000o\000n\000s}{chapter.3}% 41
\BOOKMARK [1][-]{section.3.5}{\376\377\000C\000o\000n\000g\000r\000u\000e\000n\000c\000e\000\040\000a\000n\000d\000\040\000P\000r\000e\000o\000r\000d\000e\000r}{chapter.3}% 42
\BOOKMARK [0][-]{chapter.4}{\376\377\000T\000h\000e\000\040\000N\000a\000t\000u\000r\000a\000l\000\040\000N\000u\000m\000b\000e\000r\000s}{}% 43
\BOOKMARK [1][-]{section.4.1}{\376\377\000I\000n\000d\000u\000c\000t\000i\000v\000e\000\040\000S\000e\000t\000s}{chapter.4}% 44
\BOOKMARK [1][-]{section.4.2}{\376\377\000T\000h\000e\000\040\000R\000e\000c\000u\000r\000s\000i\000o\000n\000\040\000T\000h\000e\000o\000r\000e\000m\000\040\000o\000n\000\040}{chapter.4}% 45
\BOOKMARK [1][-]{section.4.3}{\376\377\000A\000r\000i\000t\000h\000m\000e\000t\000i\000c\000\040\000o\000n\000\040}{chapter.4}% 46
\BOOKMARK [1][-]{section.4.4}{\376\377\000O\000r\000d\000e\000r\000\040\000o\000n\000\040}{chapter.4}% 47
\BOOKMARK [0][-]{chapter.5}{\376\377\000O\000n\000\040\000t\000h\000e\000\040\000S\000i\000z\000e\000\040\000o\000f\000\040\000S\000e\000t\000s}{}% 48
\BOOKMARK [1][-]{section.5.1}{\376\377\000F\000i\000n\000i\000t\000e\000\040\000S\000e\000t\000s}{chapter.5}% 49
\BOOKMARK [1][-]{section.5.2}{\376\377\000C\000o\000u\000n\000t\000a\000b\000l\000e\000\040\000S\000e\000t\000s}{chapter.5}% 50
\BOOKMARK [1][-]{section.5.3}{\376\377\000U\000n\000c\000o\000u\000n\000t\000a\000b\000l\000e\000\040\000S\000e\000t\000s}{chapter.5}% 51
\BOOKMARK [1][-]{section.5.4}{\376\377\000C\000a\000r\000d\000i\000n\000a\000l\000i\000t\000y}{chapter.5}% 52
\BOOKMARK [2][-]{subsection.5.4.1}{\376\377\0005\000.\0004\000.\0002}{section.5.4}% 53
\BOOKMARK [0][-]{chapter.6}{\376\377\000T\000r\000a\000n\000s\000f\000i\000n\000i\000t\000e\000\040\000R\000e\000c\000u\000r\000s\000i\000o\000n}{}% 54
\BOOKMARK [1][-]{section.6.1}{\376\377\000W\000e\000l\000l\000-\000O\000r\000d\000e\000r\000i\000n\000g}{chapter.6}% 55
\BOOKMARK [1][-]{section.6.2}{\376\377\000T\000r\000a\000n\000s\000f\000i\000n\000i\000t\000e\000\040\000R\000e\000c\000u\000r\000s\000i\000o\000n\000\040\000T\000h\000e\000o\000r\000e\000m}{chapter.6}% 56
