This is pdfTeX, Version 3.141592653-2.6-1.40.25 (TeX Live 2023/Arch Linux) (preloaded format=pdflatex 2023.3.31)  3 APR 2023 21:58
entering extended mode
 restricted \write18 enabled.
 file:line:error style messages enabled.
 %&-line parsing enabled.
**set_theory.tex
(./set_theory.tex
LaTeX2e <2022-11-01> patch level 1
L3 programming layer <2023-02-22>
(/usr/share/texmf-dist/tex/latex/base/book.cls
Document Class: book 2022/07/02 v1.4n Standard LaTeX document class
(/usr/share/texmf-dist/tex/latex/base/bk11.clo
File: bk11.clo 2022/07/02 v1.4n Standard LaTeX file (size option)
)
\c@part=\count185
\c@chapter=\count186
\c@section=\count187
\c@subsection=\count188
\c@subsubsection=\count189
\c@paragraph=\count190
\c@subparagraph=\count191
\c@figure=\count192
\c@table=\count193
\abovecaptionskip=\skip48
\belowcaptionskip=\skip49
\bibindent=\dimen140
)
(/usr/share/texmf-dist/tex/latex/amsmath/amsmath.sty
Package: amsmath 2022/04/08 v2.17n AMS math features
\@mathmargin=\skip50

For additional information on amsmath, use the `?' option.
(/usr/share/texmf-dist/tex/latex/amsmath/amstext.sty
Package: amstext 2021/08/26 v2.01 AMS text

(/usr/share/texmf-dist/tex/latex/amsmath/amsgen.sty
File: amsgen.sty 1999/11/30 v2.0 generic functions
\@emptytoks=\toks16
\ex@=\dimen141
))
(/usr/share/texmf-dist/tex/latex/amsmath/amsbsy.sty
Package: amsbsy 1999/11/29 v1.2d Bold Symbols
\pmbraise@=\dimen142
)
(/usr/share/texmf-dist/tex/latex/amsmath/amsopn.sty
Package: amsopn 2022/04/08 v2.04 operator names
)
\inf@bad=\count194
LaTeX Info: Redefining \frac on input line 234.
\uproot@=\count195
\leftroot@=\count196
LaTeX Info: Redefining \overline on input line 399.
LaTeX Info: Redefining \colon on input line 410.
\classnum@=\count197
\DOTSCASE@=\count198
LaTeX Info: Redefining \ldots on input line 496.
LaTeX Info: Redefining \dots on input line 499.
LaTeX Info: Redefining \cdots on input line 620.
\Mathstrutbox@=\box51
\strutbox@=\box52
LaTeX Info: Redefining \big on input line 722.
LaTeX Info: Redefining \Big on input line 723.
LaTeX Info: Redefining \bigg on input line 724.
LaTeX Info: Redefining \Bigg on input line 725.
\big@size=\dimen143
LaTeX Font Info:    Redeclaring font encoding OML on input line 743.
LaTeX Font Info:    Redeclaring font encoding OMS on input line 744.
\macc@depth=\count199
LaTeX Info: Redefining \bmod on input line 905.
LaTeX Info: Redefining \pmod on input line 910.
LaTeX Info: Redefining \smash on input line 940.
LaTeX Info: Redefining \relbar on input line 970.
LaTeX Info: Redefining \Relbar on input line 971.
\c@MaxMatrixCols=\count266
\dotsspace@=\muskip16
\c@parentequation=\count267
\dspbrk@lvl=\count268
\tag@help=\toks17
\row@=\count269
\column@=\count270
\maxfields@=\count271
\andhelp@=\toks18
\eqnshift@=\dimen144
\alignsep@=\dimen145
\tagshift@=\dimen146
\tagwidth@=\dimen147
\totwidth@=\dimen148
\lineht@=\dimen149
\@envbody=\toks19
\multlinegap=\skip51
\multlinetaggap=\skip52
\mathdisplay@stack=\toks20
LaTeX Info: Redefining \[ on input line 2953.
LaTeX Info: Redefining \] on input line 2954.
)
(/usr/share/texmf-dist/tex/latex/amsfonts/amssymb.sty
Package: amssymb 2013/01/14 v3.01 AMS font symbols

(/usr/share/texmf-dist/tex/latex/amsfonts/amsfonts.sty
Package: amsfonts 2013/01/14 v3.01 Basic AMSFonts support
\symAMSa=\mathgroup4
\symAMSb=\mathgroup5
LaTeX Font Info:    Redeclaring math symbol \hbar on input line 98.
LaTeX Font Info:    Overwriting math alphabet `\mathfrak' in version `bold'
(Font)                  U/euf/m/n --> U/euf/b/n on input line 106.
))
(/usr/share/texmf-dist/tex/latex/geometry/geometry.sty
Package: geometry 2020/01/02 v5.9 Page Geometry

(/usr/share/texmf-dist/tex/latex/graphics/keyval.sty
Package: keyval 2022/05/29 v1.15 key=value parser (DPC)
\KV@toks@=\toks21
)
(/usr/share/texmf-dist/tex/generic/iftex/ifvtex.sty
Package: ifvtex 2019/10/25 v1.7 ifvtex legacy package. Use iftex instead.

(/usr/share/texmf-dist/tex/generic/iftex/iftex.sty
Package: iftex 2022/02/03 v1.0f TeX engine tests
))
\Gm@cnth=\count272
\Gm@cntv=\count273
\c@Gm@tempcnt=\count274
\Gm@bindingoffset=\dimen150
\Gm@wd@mp=\dimen151
\Gm@odd@mp=\dimen152
\Gm@even@mp=\dimen153
\Gm@layoutwidth=\dimen154
\Gm@layoutheight=\dimen155
\Gm@layouthoffset=\dimen156
\Gm@layoutvoffset=\dimen157
\Gm@dimlist=\toks22
)
(/usr/share/texmf-dist/tex/latex/hyperref/hyperref.sty
Package: hyperref 2023-02-07 v7.00v Hypertext links for LaTeX

(/usr/share/texmf-dist/tex/generic/ltxcmds/ltxcmds.sty
Package: ltxcmds 2020-05-10 v1.25 LaTeX kernel commands for general use (HO)
)
(/usr/share/texmf-dist/tex/generic/pdftexcmds/pdftexcmds.sty
Package: pdftexcmds 2020-06-27 v0.33 Utility functions of pdfTeX for LuaTeX (HO
)

(/usr/share/texmf-dist/tex/generic/infwarerr/infwarerr.sty
Package: infwarerr 2019/12/03 v1.5 Providing info/warning/error messages (HO)
)
Package pdftexcmds Info: \pdf@primitive is available.
Package pdftexcmds Info: \pdf@ifprimitive is available.
Package pdftexcmds Info: \pdfdraftmode found.
)
(/usr/share/texmf-dist/tex/latex/kvsetkeys/kvsetkeys.sty
Package: kvsetkeys 2022-10-05 v1.19 Key value parser (HO)
)
(/usr/share/texmf-dist/tex/generic/kvdefinekeys/kvdefinekeys.sty
Package: kvdefinekeys 2019-12-19 v1.6 Define keys (HO)
)
(/usr/share/texmf-dist/tex/generic/pdfescape/pdfescape.sty
Package: pdfescape 2019/12/09 v1.15 Implements pdfTeX's escape features (HO)
)
(/usr/share/texmf-dist/tex/latex/hycolor/hycolor.sty
Package: hycolor 2020-01-27 v1.10 Color options for hyperref/bookmark (HO)
)
(/usr/share/texmf-dist/tex/latex/letltxmacro/letltxmacro.sty
Package: letltxmacro 2019/12/03 v1.6 Let assignment for LaTeX macros (HO)
)
(/usr/share/texmf-dist/tex/latex/auxhook/auxhook.sty
Package: auxhook 2019-12-17 v1.6 Hooks for auxiliary files (HO)
)
(/usr/share/texmf-dist/tex/latex/hyperref/nameref.sty
Package: nameref 2022-05-17 v2.50 Cross-referencing by name of section

(/usr/share/texmf-dist/tex/latex/refcount/refcount.sty
Package: refcount 2019/12/15 v3.6 Data extraction from label references (HO)
)
(/usr/share/texmf-dist/tex/generic/gettitlestring/gettitlestring.sty
Package: gettitlestring 2019/12/15 v1.6 Cleanup title references (HO)

(/usr/share/texmf-dist/tex/latex/kvoptions/kvoptions.sty
Package: kvoptions 2022-06-15 v3.15 Key value format for package options (HO)
))
\c@section@level=\count275
)
\@linkdim=\dimen158
\Hy@linkcounter=\count276
\Hy@pagecounter=\count277

(/usr/share/texmf-dist/tex/latex/hyperref/pd1enc.def
File: pd1enc.def 2023-02-07 v7.00v Hyperref: PDFDocEncoding definition (HO)
Now handling font encoding PD1 ...
... no UTF-8 mapping file for font encoding PD1
)
(/usr/share/texmf-dist/tex/generic/intcalc/intcalc.sty
Package: intcalc 2019/12/15 v1.3 Expandable calculations with integers (HO)
)
(/usr/share/texmf-dist/tex/generic/etexcmds/etexcmds.sty
Package: etexcmds 2019/12/15 v1.7 Avoid name clashes with e-TeX commands (HO)
)
\Hy@SavedSpaceFactor=\count278

(/usr/share/texmf-dist/tex/latex/hyperref/puenc.def
File: puenc.def 2023-02-07 v7.00v Hyperref: PDF Unicode definition (HO)
Now handling font encoding PU ...
... no UTF-8 mapping file for font encoding PU
)
Package hyperref Info: Hyper figures OFF on input line 4177.
Package hyperref Info: Link nesting OFF on input line 4182.
Package hyperref Info: Hyper index ON on input line 4185.
Package hyperref Info: Plain pages OFF on input line 4192.
Package hyperref Info: Backreferencing OFF on input line 4197.
Package hyperref Info: Implicit mode ON; LaTeX internals redefined.
Package hyperref Info: Bookmarks ON on input line 4425.
\c@Hy@tempcnt=\count279

(/usr/share/texmf-dist/tex/latex/url/url.sty
\Urlmuskip=\muskip17
Package: url 2013/09/16  ver 3.4  Verb mode for urls, etc.
)
LaTeX Info: Redefining \url on input line 4763.
\XeTeXLinkMargin=\dimen159

(/usr/share/texmf-dist/tex/generic/bitset/bitset.sty
Package: bitset 2019/12/09 v1.3 Handle bit-vector datatype (HO)

(/usr/share/texmf-dist/tex/generic/bigintcalc/bigintcalc.sty
Package: bigintcalc 2019/12/15 v1.5 Expandable calculations on big integers (HO
)
))
\Fld@menulength=\count280
\Field@Width=\dimen160
\Fld@charsize=\dimen161
Package hyperref Info: Hyper figures OFF on input line 6042.
Package hyperref Info: Link nesting OFF on input line 6047.
Package hyperref Info: Hyper index ON on input line 6050.
Package hyperref Info: backreferencing OFF on input line 6057.
Package hyperref Info: Link coloring OFF on input line 6062.
Package hyperref Info: Link coloring with OCG OFF on input line 6067.
Package hyperref Info: PDF/A mode OFF on input line 6072.

(/usr/share/texmf-dist/tex/latex/base/atbegshi-ltx.sty
Package: atbegshi-ltx 2021/01/10 v1.0c Emulation of the original atbegshi
package with kernel methods
)
\Hy@abspage=\count281
\c@Item=\count282
\c@Hfootnote=\count283
)
Package hyperref Info: Driver (autodetected): hpdftex.

(/usr/share/texmf-dist/tex/latex/hyperref/hpdftex.def
File: hpdftex.def 2023-02-07 v7.00v Hyperref driver for pdfTeX

(/usr/share/texmf-dist/tex/latex/base/atveryend-ltx.sty
Package: atveryend-ltx 2020/08/19 v1.0a Emulation of the original atveryend pac
kage
with kernel methods
)
\Fld@listcount=\count284
\c@bookmark@seq@number=\count285

(/usr/share/texmf-dist/tex/latex/rerunfilecheck/rerunfilecheck.sty
Package: rerunfilecheck 2022-07-10 v1.10 Rerun checks for auxiliary files (HO)

(/usr/share/texmf-dist/tex/generic/uniquecounter/uniquecounter.sty
Package: uniquecounter 2019/12/15 v1.4 Provide unlimited unique counter (HO)
)
Package uniquecounter Info: New unique counter `rerunfilecheck' on input line 2
85.
)
\Hy@SectionHShift=\skip53
)
(/usr/share/texmf-dist/tex/latex/l3backend/l3backend-pdftex.def
File: l3backend-pdftex.def 2023-01-16 L3 backend support: PDF output (pdfTeX)
\l__color_backend_stack_int=\count286
\l__pdf_internal_box=\box53
)
(./set_theory.aux)
\openout1 = `set_theory.aux'.

LaTeX Font Info:    Checking defaults for OML/cmm/m/it on input line 28.
LaTeX Font Info:    ... okay on input line 28.
LaTeX Font Info:    Checking defaults for OMS/cmsy/m/n on input line 28.
LaTeX Font Info:    ... okay on input line 28.
LaTeX Font Info:    Checking defaults for OT1/cmr/m/n on input line 28.
LaTeX Font Info:    ... okay on input line 28.
LaTeX Font Info:    Checking defaults for T1/cmr/m/n on input line 28.
LaTeX Font Info:    ... okay on input line 28.
LaTeX Font Info:    Checking defaults for TS1/cmr/m/n on input line 28.
LaTeX Font Info:    ... okay on input line 28.
LaTeX Font Info:    Checking defaults for OMX/cmex/m/n on input line 28.
LaTeX Font Info:    ... okay on input line 28.
LaTeX Font Info:    Checking defaults for U/cmr/m/n on input line 28.
LaTeX Font Info:    ... okay on input line 28.
LaTeX Font Info:    Checking defaults for PD1/pdf/m/n on input line 28.
LaTeX Font Info:    ... okay on input line 28.
LaTeX Font Info:    Checking defaults for PU/pdf/m/n on input line 28.
LaTeX Font Info:    ... okay on input line 28.

*geometry* driver: auto-detecting
*geometry* detected driver: pdftex
*geometry* verbose mode - [ preamble ] result:
* driver: pdftex
* paper: <default>
* layout: <same size as paper>
* layoutoffset:(h,v)=(0.0pt,0.0pt)
* modes: 
* h-part:(L,W,R)=(92.14519pt, 430.00462pt, 92.14519pt)
* v-part:(T,H,B)=(95.39737pt, 556.47656pt, 143.09605pt)
* \paperwidth=614.295pt
* \paperheight=794.96999pt
* \textwidth=430.00462pt
* \textheight=556.47656pt
* \oddsidemargin=19.8752pt
* \evensidemargin=19.8752pt
* \topmargin=-8.74641pt
* \headheight=12.0pt
* \headsep=19.8738pt
* \topskip=11.0pt
* \footskip=27.46295pt
* \marginparwidth=62.0pt
* \marginparsep=7.0pt
* \columnsep=10.0pt
* \skip\footins=10.0pt plus 4.0pt minus 2.0pt
* \hoffset=0.0pt
* \voffset=0.0pt
* \mag=1000
* \@twocolumnfalse
* \@twosidefalse
* \@mparswitchfalse
* \@reversemarginfalse
* (1in=72.27pt=25.4mm, 1cm=28.453pt)

Package hyperref Info: Link coloring OFF on input line 28.
(./set_theory.out) (./set_theory.out)
\@outlinefile=\write3
\openout3 = `set_theory.out'.

LaTeX Font Info:    Trying to load font information for U+msa on input line 30.


(/usr/share/texmf-dist/tex/latex/amsfonts/umsa.fd
File: umsa.fd 2013/01/14 v3.01 AMS symbols A
)
LaTeX Font Info:    Trying to load font information for U+msb on input line 30.


(/usr/share/texmf-dist/tex/latex/amsfonts/umsb.fd
File: umsb.fd 2013/01/14 v3.01 AMS symbols B
) [1


{/var/lib/texmf/fonts/map/pdftex/updmap/pdftex.map}] (./set_theory.toc
pdfTeX warning (ext4): destination with the same identifier (name{page.1}) has 
been already used, duplicate ignored
<to be read again> 
                   \relax 
l.32 ...\numberline {1.5.9}}{11}{subsection.1.5.9}
                                                  % [1

])
\tf@toc=\write4
\openout4 = `set_theory.toc'.

 [2] [3

]
Chapter 1.
[4

] [5] [6]
Overfull \hbox (2.85811pt too wide) detected at line 177
\OML/cmm/m/it/10.95 P []\OT1/cmr/m/n/10.95 (\OML/cmm/m/it/10.95 Q [] R\OT1/cmr/
m/n/10.95 ) [] \OMS/cmsy/m/n/10.95 :\OML/cmm/m/it/10.95 P \OMS/cmsy/m/n/10.95 _
 \OT1/cmr/m/n/10.95 (\OML/cmm/m/it/10.95 Q [] R\OT1/cmr/m/n/10.95 ) [] \OMS/cms
y/m/n/10.95 :\OML/cmm/m/it/10.95 P \OMS/cmsy/m/n/10.95 _ \OT1/cmr/m/n/10.95 (\O
MS/cmsy/m/n/10.95 :\OML/cmm/m/it/10.95 Q \OMS/cmsy/m/n/10.95 _ \OML/cmm/m/it/10
.95 R\OT1/cmr/m/n/10.95 ) [](\OMS/cmsy/m/n/10.95 :\OML/cmm/m/it/10.95 P \OMS/cm
sy/m/n/10.95 _ :\OML/cmm/m/it/10.95 Q\OT1/cmr/m/n/10.95 ) \OMS/cmsy/m/n/10.95 _
 \OML/cmm/m/it/10.95 R [] \OMS/cmsy/m/n/10.95 :\OT1/cmr/m/n/10.95 (\OML/cmm/m/i
t/10.95 P \OMS/cmsy/m/n/10.95 ^ \OML/cmm/m/it/10.95 Q\OT1/cmr/m/n/10.95 ) \OMS/
cmsy/m/n/10.95 _ \OML/cmm/m/it/10.95 R []\OT1/cmr/m/n/10.95 (\OML/cmm/m/it/10.9
5 P \OMS/cmsy/m/n/10.95 ^ \OML/cmm/m/it/10.95 Q\OT1/cmr/m/n/10.95 ) [] \OML/cmm
/m/it/10.95 R
 []

[7] [8] [9] [10] [11]
Chapter 2.
[12

]
Overfull \hbox (34.05876pt too wide) detected at line 430
[]\OT1/cmr/m/n/10.95 (\OMS/cmsy/m/n/10.95 8\OML/cmm/m/it/10.95 x\OT1/cmr/m/n/10
.95 (\OMS/cmsy/m/n/10.95 :\OML/cmm/m/it/10.95 x \OMS/cmsy/m/n/10.95 2 \OML/cmm/
m/it/10.95 A \OMS/cmsy/m/n/10.95 ^ \OT1/cmr/m/n/10.95 (\OMS/cmsy/m/n/10.95 :\OM
L/cmm/m/it/10.95 x \OMS/cmsy/m/n/10.95 2 \OML/cmm/m/it/10.95 B \OMS/cmsy/m/n/10
.95 _ \OML/cmm/m/it/10.95 x \OMS/cmsy/m/n/10.95 2 \OML/cmm/m/it/10.95 C\OT1/cmr
/m/n/10.95 )) \OMS/cmsy/m/n/10.95 _ \OT1/cmr/m/n/10.95 ((\OML/cmm/m/it/10.95 x 
\OMS/cmsy/m/n/10.95 2 \OML/cmm/m/it/10.95 B \OMS/cmsy/m/n/10.95 ^ :\OML/cmm/m/i
t/10.95 x \OMS/cmsy/m/n/10.95 2 \OML/cmm/m/it/10.95 B\OT1/cmr/m/n/10.95 ) \OMS/
cmsy/m/n/10.95 _ \OT1/cmr/m/n/10.95 (\OML/cmm/m/it/10.95 x \OMS/cmsy/m/n/10.95 
2 \OML/cmm/m/it/10.95 B \OMS/cmsy/m/n/10.95 ^ \OML/cmm/m/it/10.95 x \OMS/cmsy/m
/n/10.95 2 \OML/cmm/m/it/10.95 C\OT1/cmr/m/n/10.95 )))) \OMS/cmsy/m/n/10.95 ! 8
\OML/cmm/m/it/10.95 x\OT1/cmr/m/n/10.95 (\OMS/cmsy/m/n/10.95 :\OML/cmm/m/it/10.
95 x \OMS/cmsy/m/n/10.95 2 \OML/cmm/m/it/10.95 A \OMS/cmsy/m/n/10.95 _ \OML/cmm
/m/it/10.95 x \OMS/cmsy/m/n/10.95 2 \OML/cmm/m/it/10.95 C\OT1/cmr/m/n/10.95 ) [
]
 []

[13] [14]
Overfull \hbox (56.20164pt too wide) detected at line 528
[] \OML/cmm/m/it/10.95 x \OMS/cmsy/m/n/10.95 2 \OML/cmm/m/it/10.95 A \OMS/cmsy/
m/n/10.95 ^ 9\OT1/cmr/m/n/10.95 (\OML/cmm/m/it/10.95 C \OMS/cmsy/m/n/10.95 2 \O
ML/cmm/m/it/10.95 F\OT1/cmr/m/n/10.95 )(\OML/cmm/m/it/10.95 x [] C\OT1/cmr/m/n/
10.95 ) [] \OMS/cmsy/m/n/10.95 9\OT1/cmr/m/n/10.95 (\OML/cmm/m/it/10.95 C \OMS/
cmsy/m/n/10.95 2 \OML/cmm/m/it/10.95 F\OT1/cmr/m/n/10.95 )(\OML/cmm/m/it/10.95 
x [] C \OMS/cmsy/m/n/10.95 ^ \OML/cmm/m/it/10.95 x \OMS/cmsy/m/n/10.95 2 \OML/c
mm/m/it/10.95 A\OT1/cmr/m/n/10.95 ) [] \OMS/cmsy/m/n/10.95 9\OT1/cmr/m/n/10.95 
(\OML/cmm/m/it/10.95 C \OMS/cmsy/m/n/10.95 2 \OML/cmm/m/it/10.95 F\OT1/cmr/m/n/
10.95 )(\OML/cmm/m/it/10.95 x \OMS/cmsy/m/n/10.95 2 \OML/cmm/m/it/10.95 A \OMS/
cmsy/m/n/10.95 n \OML/cmm/m/it/10.95 C\OT1/cmr/m/n/10.95 ) [] \OML/cmm/m/it/10.
95 x \OMS/cmsy/m/n/10.95 2 [f\OML/cmm/m/it/10.95 A \OMS/cmsy/m/n/10.95 n \OML/c
mm/m/it/10.95 C \OT1/cmr/m/n/10.95 : \OML/cmm/m/it/10.95 C \OMS/cmsy/m/n/10.95 
2 \OML/cmm/m/it/10.95 F\OMS/cmsy/m/n/10.95 g
 []


Overfull \hbox (5.42159pt too wide) detected at line 547
\OML/cmm/m/it/10.95 x \OMS/cmsy/m/n/10.95 2 \OML/cmm/m/it/10.95 A [] x \OMS/cms
y/m/n/10.95 2 \OML/cmm/m/it/10.95 A \OMS/cmsy/m/n/10.95 ^ [] [] \OML/cmm/m/it/1
0.95 x \OMS/cmsy/m/n/10.95 2 \OML/cmm/m/it/10.95 A \OMS/cmsy/m/n/10.95 ^ \OT1/c
mr/m/n/10.95 (\OMS/cmsy/m/n/10.95 9\OML/cmm/m/it/10.95 C \OMS/cmsy/m/n/10.95 2 
\OML/cmm/m/it/10.95 F\OT1/cmr/m/n/10.95 )([]) [](\OMS/cmsy/m/n/10.95 9\OML/cmm/
m/it/10.95 C \OMS/cmsy/m/n/10.95 2 \OML/cmm/m/it/10.95 F\OT1/cmr/m/n/10.95 )(\O
ML/cmm/m/it/10.95 x \OMS/cmsy/m/n/10.95 2 \OML/cmm/m/it/10.95 A \OMS/cmsy/m/n/1
0.95 ^ []\OT1/cmr/m/n/10.95 ) [](\OMS/cmsy/m/n/10.95 9\OML/cmm/m/it/10.95 C \OM
S/cmsy/m/n/10.95 2 \OML/cmm/m/it/10.95 F\OT1/cmr/m/n/10.95 )(\OML/cmm/m/it/10.9
5 x \OMS/cmsy/m/n/10.95 2 \OML/cmm/m/it/10.95 A\OT1/cmr/m/n/10.95 )
 []

[15]
Overfull \hbox (33.26114pt too wide) detected at line 593
\OMS/cmsy/m/n/10.95 8\OT1/cmr/m/n/10.95 (\OML/cmm/m/it/10.95 C \OMS/cmsy/m/n/10
.95 2 \OML/cmm/m/it/10.95 F\OT1/cmr/m/n/10.95 )((\OMS/cmsy/m/n/10.95 8\OML/cmm/
m/it/10.95 y \OMS/cmsy/m/n/10.95 2 \OML/cmm/m/it/10.95 x\OT1/cmr/m/n/10.95 )\OM
L/cmm/m/it/10.95 y \OMS/cmsy/m/n/10.95 2 \OML/cmm/m/it/10.95 F\OT1/cmr/m/n/10.9
5 ) [] [] \OMS/cmsy/m/n/10.95 8\OT1/cmr/m/n/10.95 (\OML/cmm/m/it/10.95 C \OMS/c
msy/m/n/10.95 2 \OML/cmm/m/it/10.95 F\OT1/cmr/m/n/10.95 )(\OML/cmm/m/it/10.95 x
 \OMS/cmsy/m/n/10.95 ^^R \OML/cmm/m/it/10.95 C\OT1/cmr/m/n/10.95 ) [] \OMS/cmsy
/m/n/10.95 8\OT1/cmr/m/n/10.95 (\OML/cmm/m/it/10.95 C \OMS/cmsy/m/n/10.95 2 \OM
L/cmm/m/it/10.95 F\OT1/cmr/m/n/10.95 )(\OML/cmm/m/it/10.95 x \OMS/cmsy/m/n/10.9
5 2 []\OT1/cmr/m/n/10.95 (\OML/cmm/m/it/10.95 C\OT1/cmr/m/n/10.95 )) [] \OML/cm
m/m/it/10.95 x \OMS/cmsy/m/n/10.95 2 \f[]\OT1/cmr/m/n/10.95 (\OML/cmm/m/it/10.9
5 C\OT1/cmr/m/n/10.95 ) : \OML/cmm/m/it/10.95 C \OMS/cmsy/m/n/10.95 2 \OML/cmm/
m/it/10.95 F\OMS/cmsy/m/n/10.95 g
 []

[16]
Chapter 3.
[17

] [18]
Overfull \hbox (34.00526pt too wide) detected at line 714
[]\OT1/cmr/m/n/10.95 (\OMS/cmsy/m/n/10.95 9\OML/cmm/m/it/10.95 y \OMS/cmsy/m/n/
10.95 2 \OML/cmm/m/it/10.95 A\OT1/cmr/m/n/10.95 )(\OMS/cmsy/m/n/10.95 9\OML/cmm
/m/it/10.95 z \OMS/cmsy/m/n/10.95 2 []\OT1/cmr/m/n/10.95 (\OML/cmm/m/it/10.95 R
\OT1/cmr/m/n/10.95 ))(\OMS/cmsy/m/n/10.95 h\OML/cmm/m/it/10.95 y; z\OMS/cmsy/m/
n/10.95 i 2 \OML/cmm/m/it/10.95 R \OMS/cmsy/m/n/10.95 ^ \OML/cmm/m/it/10.95 x \
OT1/cmr/m/n/10.95 = \OMS/cmsy/m/n/10.95 h\OML/cmm/m/it/10.95 y; z\OMS/cmsy/m/n/
10.95 i\OT1/cmr/m/n/10.95 ) \OMS/cmsy/m/n/10.95 _ \OT1/cmr/m/n/10.95 (\OMS/cmsy
/m/n/10.95 9\OML/cmm/m/it/10.95 y \OMS/cmsy/m/n/10.95 2 \OML/cmm/m/it/10.95 B\O
T1/cmr/m/n/10.95 )(\OMS/cmsy/m/n/10.95 9\OML/cmm/m/it/10.95 z \OMS/cmsy/m/n/10.
95 2 []\OT1/cmr/m/n/10.95 (\OML/cmm/m/it/10.95 R\OT1/cmr/m/n/10.95 ))(\OMS/cmsy
/m/n/10.95 h\OML/cmm/m/it/10.95 y; z\OMS/cmsy/m/n/10.95 i 2 \OML/cmm/m/it/10.95
 R \OMS/cmsy/m/n/10.95 ^ \OML/cmm/m/it/10.95 x \OT1/cmr/m/n/10.95 = \OMS/cmsy/m
/n/10.95 h\OML/cmm/m/it/10.95 y; z\OMS/cmsy/m/n/10.95 i\OT1/cmr/m/n/10.95 ) []
 []

[19] [20] [21] [22] [23] [24] [25] [26] [27] [28] [29] [30]
Chapter 4.
[31

]

Package hyperref Warning: Token not allowed in a PDF string (Unicode):
(hyperref)                removing `math shift' on input line 1331.


Package hyperref Warning: Token not allowed in a PDF string (Unicode):
(hyperref)                removing `\omega' on input line 1331.


Package hyperref Warning: Token not allowed in a PDF string (Unicode):
(hyperref)                removing `math shift' on input line 1331.

[32] [33] [34]

Package hyperref Warning: Token not allowed in a PDF string (Unicode):
(hyperref)                removing `math shift' on input line 1434.


Package hyperref Warning: Token not allowed in a PDF string (Unicode):
(hyperref)                removing `\omega' on input line 1434.


Package hyperref Warning: Token not allowed in a PDF string (Unicode):
(hyperref)                removing `math shift' on input line 1434.

[35] [36] (./set_theory.aux)
Package rerunfilecheck Info: File `set_theory.out' has not changed.
(rerunfilecheck)             Checksum: BD7031CE37691CB707DE3B7ADEDCB857;5004.
 ) 
Here is how much of TeX's memory you used:
 9311 strings out of 476025
 142242 string characters out of 5796532
 1861388 words of memory out of 5000000
 29512 multiletter control sequences out of 15000+600000
 524912 words of font info for 79 fonts, out of 8000000 for 9000
 1141 hyphenation exceptions out of 8191
 75i,13n,76p,301b,468s stack positions out of 5000i,500n,10000p,200000b,80000s
</usr/share/texmf-dist/fonts/type1/public/amsfonts/cm/cmbx10.pfb></usr/share/
texmf-dist/fonts/type1/public/amsfonts/cm/cmbx12.pfb></usr/share/texmf-dist/fon
ts/type1/public/amsfonts/cm/cmex10.pfb></usr/share/texmf-dist/fonts/type1/publi
c/amsfonts/cm/cmmi10.pfb></usr/share/texmf-dist/fonts/type1/public/amsfonts/cm/
cmmi12.pfb></usr/share/texmf-dist/fonts/type1/public/amsfonts/cm/cmmi8.pfb></us
r/share/texmf-dist/fonts/type1/public/amsfonts/cm/cmr10.pfb></usr/share/texmf-d
ist/fonts/type1/public/amsfonts/cm/cmr12.pfb></usr/share/texmf-dist/fonts/type1
/public/amsfonts/cm/cmr17.pfb></usr/share/texmf-dist/fonts/type1/public/amsfont
s/cm/cmr8.pfb></usr/share/texmf-dist/fonts/type1/public/amsfonts/cm/cmsl10.pfb>
</usr/share/texmf-dist/fonts/type1/public/amsfonts/cm/cmsy10.pfb></usr/share/te
xmf-dist/fonts/type1/public/amsfonts/cm/cmsy8.pfb></usr/share/texmf-dist/fonts/
type1/public/amsfonts/cm/cmti10.pfb>
Output written on set_theory.pdf (37 pages, 271011 bytes).
PDF statistics:
 618 PDF objects out of 1000 (max. 8388607)
 545 compressed objects within 6 object streams
 162 named destinations out of 1000 (max. 500000)
 441 words of extra memory for PDF output out of 10000 (max. 10000000)

