\BOOKMARK [0][-]{chapter.1}{\376\377\000V\000e\000c\000t\000o\000r\000\040\000S\000p\000a\000c\000e\000s}{}% 1
\BOOKMARK [1][-]{section.1.1}{\376\377\000R\000n\000\040\000a\000n\000d\000\040\000C\000n}{chapter.1}% 2
\BOOKMARK [2][-]{subsection.1.1.1}{}{section.1.1}% 3
\BOOKMARK [2][-]{subsection.1.1.2}{}{section.1.1}% 4
\BOOKMARK [2][-]{subsection.1.1.3}{}{section.1.1}% 5
\BOOKMARK [2][-]{subsection.1.1.4}{}{section.1.1}% 6
\BOOKMARK [2][-]{subsection.1.1.5}{}{section.1.1}% 7
\BOOKMARK [2][-]{subsection.1.1.6}{}{section.1.1}% 8
\BOOKMARK [2][-]{subsection.1.1.7}{}{section.1.1}% 9
\BOOKMARK [2][-]{subsection.1.1.8}{}{section.1.1}% 10
\BOOKMARK [2][-]{subsection.1.1.9}{}{section.1.1}% 11
\BOOKMARK [1][-]{section.1.2}{\376\377\000D\000e\000f\000i\000n\000i\000t\000i\000o\000n\000\040\000o\000f\000\040\000V\000e\000c\000t\000o\000r\000\040\000S\000p\000a\000c\000e}{chapter.1}% 12
\BOOKMARK [2][-]{subsection.1.2.1}{}{section.1.2}% 13
\BOOKMARK [2][-]{subsection.1.2.2}{}{section.1.2}% 14
\BOOKMARK [2][-]{subsection.1.2.3}{}{section.1.2}% 15
\BOOKMARK [2][-]{subsection.1.2.4}{}{section.1.2}% 16
\BOOKMARK [2][-]{subsection.1.2.5}{}{section.1.2}% 17
\BOOKMARK [2][-]{subsection.1.2.6}{}{section.1.2}% 18
\BOOKMARK [1][-]{section.1.3}{\376\377\000S\000u\000b\000s\000p\000a\000c\000e\000s}{chapter.1}% 19
\BOOKMARK [2][-]{subsection.1.3.1}{}{section.1.3}% 20
\BOOKMARK [2][-]{subsection.1.3.2}{}{section.1.3}% 21
\BOOKMARK [2][-]{subsection.1.3.3}{}{section.1.3}% 22
\BOOKMARK [2][-]{subsection.1.3.4}{}{section.1.3}% 23
\BOOKMARK [2][-]{subsection.1.3.5}{}{section.1.3}% 24
\BOOKMARK [2][-]{subsection.1.3.6}{}{section.1.3}% 25
\BOOKMARK [2][-]{subsection.1.3.7}{}{section.1.3}% 26
\BOOKMARK [2][-]{subsection.1.3.8}{}{section.1.3}% 27
\BOOKMARK [2][-]{subsection.1.3.9}{}{section.1.3}% 28
\BOOKMARK [2][-]{subsection.1.3.10}{}{section.1.3}% 29
\BOOKMARK [2][-]{subsection.1.3.11}{}{section.1.3}% 30
\BOOKMARK [2][-]{subsection.1.3.12}{}{section.1.3}% 31
\BOOKMARK [2][-]{subsection.1.3.13}{}{section.1.3}% 32
\BOOKMARK [2][-]{subsection.1.3.14}{}{section.1.3}% 33
\BOOKMARK [2][-]{subsection.1.3.15}{}{section.1.3}% 34
\BOOKMARK [2][-]{subsection.1.3.16}{}{section.1.3}% 35
\BOOKMARK [2][-]{subsection.1.3.17}{}{section.1.3}% 36
\BOOKMARK [2][-]{subsection.1.3.18}{}{section.1.3}% 37
\BOOKMARK [2][-]{subsection.1.3.19}{}{section.1.3}% 38
\BOOKMARK [2][-]{subsection.1.3.20}{}{section.1.3}% 39
\BOOKMARK [2][-]{subsection.1.3.21}{}{section.1.3}% 40
\BOOKMARK [2][-]{subsection.1.3.22}{}{section.1.3}% 41
\BOOKMARK [2][-]{subsection.1.3.23}{}{section.1.3}% 42
\BOOKMARK [0][-]{chapter.2}{\376\377\000F\000i\000n\000i\000t\000e\000-\000D\000i\000m\000e\000n\000t\000i\000o\000n\000a\000l\000\040\000V\000e\000c\000t\000o\000r\000\040\000S\000p\000a\000c\000e\000s}{}% 43
