This is pdfTeX, Version 3.141592653-2.6-1.40.24 (TeX Live 2022/Arch Linux) (preloaded format=pdflatex 2022.12.31)  7 JAN 2023 09:50
entering extended mode
 restricted \write18 enabled.
 file:line:error style messages enabled.
 %&-line parsing enabled.
**linear_algebra.tex
(./linear_algebra.tex
LaTeX2e <2021-11-15> patch level 1
L3 programming layer <2022-04-10>
(/usr/share/texmf-dist/tex/latex/base/book.cls
Document Class: book 2021/10/04 v1.4n Standard LaTeX document class
(/usr/share/texmf-dist/tex/latex/base/bk10.clo
File: bk10.clo 2021/10/04 v1.4n Standard LaTeX file (size option)
)
\c@part=\count185
\c@chapter=\count186
\c@section=\count187
\c@subsection=\count188
\c@subsubsection=\count189
\c@paragraph=\count190
\c@subparagraph=\count191
\c@figure=\count192
\c@table=\count193
\abovecaptionskip=\skip47
\belowcaptionskip=\skip48
\bibindent=\dimen138
)
(/usr/share/texmf-dist/tex/latex/amsmath/amsmath.sty
Package: amsmath 2021/10/15 v2.17l AMS math features
\@mathmargin=\skip49

For additional information on amsmath, use the `?' option.
(/usr/share/texmf-dist/tex/latex/amsmath/amstext.sty
Package: amstext 2021/08/26 v2.01 AMS text

(/usr/share/texmf-dist/tex/latex/amsmath/amsgen.sty
File: amsgen.sty 1999/11/30 v2.0 generic functions
\@emptytoks=\toks16
\ex@=\dimen139
))
(/usr/share/texmf-dist/tex/latex/amsmath/amsbsy.sty
Package: amsbsy 1999/11/29 v1.2d Bold Symbols
\pmbraise@=\dimen140
)
(/usr/share/texmf-dist/tex/latex/amsmath/amsopn.sty
Package: amsopn 2021/08/26 v2.02 operator names
)
\inf@bad=\count194
LaTeX Info: Redefining \frac on input line 234.
\uproot@=\count195
\leftroot@=\count196
LaTeX Info: Redefining \overline on input line 399.
\classnum@=\count197
\DOTSCASE@=\count198
LaTeX Info: Redefining \ldots on input line 496.
LaTeX Info: Redefining \dots on input line 499.
LaTeX Info: Redefining \cdots on input line 620.
\Mathstrutbox@=\box50
\strutbox@=\box51
\big@size=\dimen141
LaTeX Font Info:    Redeclaring font encoding OML on input line 743.
LaTeX Font Info:    Redeclaring font encoding OMS on input line 744.
\macc@depth=\count199
\c@MaxMatrixCols=\count266
\dotsspace@=\muskip16
\c@parentequation=\count267
\dspbrk@lvl=\count268
\tag@help=\toks17
\row@=\count269
\column@=\count270
\maxfields@=\count271
\andhelp@=\toks18
\eqnshift@=\dimen142
\alignsep@=\dimen143
\tagshift@=\dimen144
\tagwidth@=\dimen145
\totwidth@=\dimen146
\lineht@=\dimen147
\@envbody=\toks19
\multlinegap=\skip50
\multlinetaggap=\skip51
\mathdisplay@stack=\toks20
LaTeX Info: Redefining \[ on input line 2938.
LaTeX Info: Redefining \] on input line 2939.
)
(/usr/share/texmf-dist/tex/latex/amsfonts/amssymb.sty
Package: amssymb 2013/01/14 v3.01 AMS font symbols

(/usr/share/texmf-dist/tex/latex/amsfonts/amsfonts.sty
Package: amsfonts 2013/01/14 v3.01 Basic AMSFonts support
\symAMSa=\mathgroup4
\symAMSb=\mathgroup5
LaTeX Font Info:    Redeclaring math symbol \hbar on input line 98.
LaTeX Font Info:    Overwriting math alphabet `\mathfrak' in version `bold'
(Font)                  U/euf/m/n --> U/euf/b/n on input line 106.
))
(/usr/share/texmf-dist/tex/latex/hyperref/hyperref.sty
Package: hyperref 2022-02-21 v7.00n Hypertext links for LaTeX

(/usr/share/texmf-dist/tex/generic/ltxcmds/ltxcmds.sty
Package: ltxcmds 2020-05-10 v1.25 LaTeX kernel commands for general use (HO)
)
(/usr/share/texmf-dist/tex/generic/iftex/iftex.sty
Package: iftex 2022/02/03 v1.0f TeX engine tests
)
(/usr/share/texmf-dist/tex/generic/pdftexcmds/pdftexcmds.sty
Package: pdftexcmds 2020-06-27 v0.33 Utility functions of pdfTeX for LuaTeX (HO
)

(/usr/share/texmf-dist/tex/generic/infwarerr/infwarerr.sty
Package: infwarerr 2019/12/03 v1.5 Providing info/warning/error messages (HO)
)
Package pdftexcmds Info: \pdf@primitive is available.
Package pdftexcmds Info: \pdf@ifprimitive is available.
Package pdftexcmds Info: \pdfdraftmode found.
)
(/usr/share/texmf-dist/tex/latex/graphics/keyval.sty
Package: keyval 2014/10/28 v1.15 key=value parser (DPC)
\KV@toks@=\toks21
)
(/usr/share/texmf-dist/tex/generic/kvsetkeys/kvsetkeys.sty
Package: kvsetkeys 2019/12/15 v1.18 Key value parser (HO)
)
(/usr/share/texmf-dist/tex/generic/kvdefinekeys/kvdefinekeys.sty
Package: kvdefinekeys 2019-12-19 v1.6 Define keys (HO)
)
(/usr/share/texmf-dist/tex/generic/pdfescape/pdfescape.sty
Package: pdfescape 2019/12/09 v1.15 Implements pdfTeX's escape features (HO)
)
(/usr/share/texmf-dist/tex/latex/hycolor/hycolor.sty
Package: hycolor 2020-01-27 v1.10 Color options for hyperref/bookmark (HO)
)
(/usr/share/texmf-dist/tex/latex/letltxmacro/letltxmacro.sty
Package: letltxmacro 2019/12/03 v1.6 Let assignment for LaTeX macros (HO)
)
(/usr/share/texmf-dist/tex/latex/auxhook/auxhook.sty
Package: auxhook 2019-12-17 v1.6 Hooks for auxiliary files (HO)
)
(/usr/share/texmf-dist/tex/latex/kvoptions/kvoptions.sty
Package: kvoptions 2020-10-07 v3.14 Key value format for package options (HO)
)
\@linkdim=\dimen148
\Hy@linkcounter=\count272
\Hy@pagecounter=\count273

(/usr/share/texmf-dist/tex/latex/hyperref/pd1enc.def
File: pd1enc.def 2022-02-21 v7.00n Hyperref: PDFDocEncoding definition (HO)
Now handling font encoding PD1 ...
... no UTF-8 mapping file for font encoding PD1
)
(/usr/share/texmf-dist/tex/generic/intcalc/intcalc.sty
Package: intcalc 2019/12/15 v1.3 Expandable calculations with integers (HO)
)
(/usr/share/texmf-dist/tex/generic/etexcmds/etexcmds.sty
Package: etexcmds 2019/12/15 v1.7 Avoid name clashes with e-TeX commands (HO)
)
\Hy@SavedSpaceFactor=\count274

(/usr/share/texmf-dist/tex/latex/hyperref/puenc.def
File: puenc.def 2022-02-21 v7.00n Hyperref: PDF Unicode definition (HO)
Now handling font encoding PU ...
... no UTF-8 mapping file for font encoding PU
)
Package hyperref Info: Hyper figures OFF on input line 4137.
Package hyperref Info: Link nesting OFF on input line 4142.
Package hyperref Info: Hyper index ON on input line 4145.
Package hyperref Info: Plain pages OFF on input line 4152.
Package hyperref Info: Backreferencing OFF on input line 4157.
Package hyperref Info: Implicit mode ON; LaTeX internals redefined.
Package hyperref Info: Bookmarks ON on input line 4390.
\c@Hy@tempcnt=\count275

(/usr/share/texmf-dist/tex/latex/url/url.sty
\Urlmuskip=\muskip17
Package: url 2013/09/16  ver 3.4  Verb mode for urls, etc.
)
LaTeX Info: Redefining \url on input line 4749.
\XeTeXLinkMargin=\dimen149

(/usr/share/texmf-dist/tex/generic/bitset/bitset.sty
Package: bitset 2019/12/09 v1.3 Handle bit-vector datatype (HO)

(/usr/share/texmf-dist/tex/generic/bigintcalc/bigintcalc.sty
Package: bigintcalc 2019/12/15 v1.5 Expandable calculations on big integers (HO
)
))
\Fld@menulength=\count276
\Field@Width=\dimen150
\Fld@charsize=\dimen151
Package hyperref Info: Hyper figures OFF on input line 6027.
Package hyperref Info: Link nesting OFF on input line 6032.
Package hyperref Info: Hyper index ON on input line 6035.
Package hyperref Info: backreferencing OFF on input line 6042.
Package hyperref Info: Link coloring OFF on input line 6047.
Package hyperref Info: Link coloring with OCG OFF on input line 6052.
Package hyperref Info: PDF/A mode OFF on input line 6057.
LaTeX Info: Redefining \ref on input line 6097.
LaTeX Info: Redefining \pageref on input line 6101.

(/usr/share/texmf-dist/tex/latex/base/atbegshi-ltx.sty
Package: atbegshi-ltx 2021/01/10 v1.0c Emulation of the original atbegshi
package with kernel methods
)
\Hy@abspage=\count277
\c@Item=\count278
\c@Hfootnote=\count279
)
Package hyperref Info: Driver (autodetected): hpdftex.

(/usr/share/texmf-dist/tex/latex/hyperref/hpdftex.def
File: hpdftex.def 2022-02-21 v7.00n Hyperref driver for pdfTeX

(/usr/share/texmf-dist/tex/latex/base/atveryend-ltx.sty
Package: atveryend-ltx 2020/08/19 v1.0a Emulation of the original atveryend pac
kage
with kernel methods
)
\Fld@listcount=\count280
\c@bookmark@seq@number=\count281

(/usr/share/texmf-dist/tex/latex/rerunfilecheck/rerunfilecheck.sty
Package: rerunfilecheck 2019/12/05 v1.9 Rerun checks for auxiliary files (HO)

(/usr/share/texmf-dist/tex/generic/uniquecounter/uniquecounter.sty
Package: uniquecounter 2019/12/15 v1.4 Provide unlimited unique counter (HO)
)
Package uniquecounter Info: New unique counter `rerunfilecheck' on input line 2
86.
)
\Hy@SectionHShift=\skip52
)
(/usr/share/texmf-dist/tex/latex/l3backend/l3backend-pdftex.def
File: l3backend-pdftex.def 2022-04-14 L3 backend support: PDF output (pdfTeX)
\l__color_backend_stack_int=\count282
\l__pdf_internal_box=\box52
)
(./linear_algebra.aux)
\openout1 = `linear_algebra.aux'.

LaTeX Font Info:    Checking defaults for OML/cmm/m/it on input line 13.
LaTeX Font Info:    ... okay on input line 13.
LaTeX Font Info:    Checking defaults for OMS/cmsy/m/n on input line 13.
LaTeX Font Info:    ... okay on input line 13.
LaTeX Font Info:    Checking defaults for OT1/cmr/m/n on input line 13.
LaTeX Font Info:    ... okay on input line 13.
LaTeX Font Info:    Checking defaults for T1/cmr/m/n on input line 13.
LaTeX Font Info:    ... okay on input line 13.
LaTeX Font Info:    Checking defaults for TS1/cmr/m/n on input line 13.
LaTeX Font Info:    ... okay on input line 13.
LaTeX Font Info:    Checking defaults for OMX/cmex/m/n on input line 13.
LaTeX Font Info:    ... okay on input line 13.
LaTeX Font Info:    Checking defaults for U/cmr/m/n on input line 13.
LaTeX Font Info:    ... okay on input line 13.
LaTeX Font Info:    Checking defaults for PD1/pdf/m/n on input line 13.
LaTeX Font Info:    ... okay on input line 13.
LaTeX Font Info:    Checking defaults for PU/pdf/m/n on input line 13.
LaTeX Font Info:    ... okay on input line 13.
Package hyperref Info: Link coloring OFF on input line 13.
 (/usr/share/texmf-dist/tex/latex/hyperref/nameref.sty
Package: nameref 2021-04-02 v2.47 Cross-referencing by name of section

(/usr/share/texmf-dist/tex/latex/refcount/refcount.sty
Package: refcount 2019/12/15 v3.6 Data extraction from label references (HO)
)
(/usr/share/texmf-dist/tex/generic/gettitlestring/gettitlestring.sty
Package: gettitlestring 2019/12/15 v1.6 Cleanup title references (HO)
)
\c@section@level=\count283
)
LaTeX Info: Redefining \ref on input line 13.
LaTeX Info: Redefining \pageref on input line 13.
LaTeX Info: Redefining \nameref on input line 13.

(./linear_algebra.out) (./linear_algebra.out)
\@outlinefile=\write3
\openout3 = `linear_algebra.out'.

LaTeX Font Info:    Trying to load font information for U+msa on input line 15.


(/usr/share/texmf-dist/tex/latex/amsfonts/umsa.fd
File: umsa.fd 2013/01/14 v3.01 AMS symbols A
)
LaTeX Font Info:    Trying to load font information for U+msb on input line 15.


(/usr/share/texmf-dist/tex/latex/amsfonts/umsb.fd
File: umsb.fd 2013/01/14 v3.01 AMS symbols B
) [1


{/var/lib/texmf/fonts/map/pdftex/updmap/pdftex.map}] (./linear_algebra.toc
pdfTeX warning (ext4): destination with the same identifier (name{page.1}) has 
been already used, duplicate ignored
<to be read again> 
                   \relax 
l.36 ...umberline {1.3.17}}{15}{subsection.1.3.17}
                                                  % [1

] [2])
\tf@toc=\write4
\openout4 = `linear_algebra.toc'.

 [3] [4

]
Chapter 1.

Package hyperref Warning: Token not allowed in a PDF string (Unicode):
(hyperref)                removing `math shift' on input line 26.


Package hyperref Warning: Token not allowed in a PDF string (Unicode):
(hyperref)                removing `superscript' on input line 26.


Package hyperref Warning: Token not allowed in a PDF string (Unicode):
(hyperref)                removing `math shift' on input line 26.


Package hyperref Warning: Token not allowed in a PDF string (Unicode):
(hyperref)                removing `math shift' on input line 26.


Package hyperref Warning: Token not allowed in a PDF string (Unicode):
(hyperref)                removing `superscript' on input line 26.


Package hyperref Warning: Token not allowed in a PDF string (Unicode):
(hyperref)                removing `math shift' on input line 26.


Overfull \hbox (40.39546pt too wide) detected at line 48
\OT1/cmr/m/n/10 ([])[] = [] = [] = [] =
 []

[5

]
Overfull \hbox (3.87253pt too wide) detected at line 83
\OML/cmm/m/it/10  \OT1/cmr/m/n/10 + (\OML/cmm/m/it/10 ^^L \OT1/cmr/m/n/10 + \O
ML/cmm/m/it/10 ^^U\OT1/cmr/m/n/10 ) = \OML/cmm/m/it/10 a[] \OT1/cmr/m/n/10 + \O
ML/cmm/m/it/10 b[]i \OT1/cmr/m/n/10 + (\OML/cmm/m/it/10 a[] \OT1/cmr/m/n/10 + \
OML/cmm/m/it/10 b[]i \OT1/cmr/m/n/10 + \OML/cmm/m/it/10 a[] \OT1/cmr/m/n/10 + \
OML/cmm/m/it/10 b[]i\OT1/cmr/m/n/10 ) = (\OML/cmm/m/it/10 a[] \OT1/cmr/m/n/10 +
 \OML/cmm/m/it/10 b[]i \OT1/cmr/m/n/10 + \OML/cmm/m/it/10 a[] \OT1/cmr/m/n/10 +
 \OML/cmm/m/it/10 b[]i\OT1/cmr/m/n/10 ) + \OML/cmm/m/it/10 a[] \OT1/cmr/m/n/10 
+ \OML/cmm/m/it/10 b[]i \OT1/cmr/m/n/10 = (\OML/cmm/m/it/10  \OT1/cmr/m/n/10 +
 \OML/cmm/m/it/10 ^^L\OT1/cmr/m/n/10 ) + \OML/cmm/m/it/10 ^^U
 []


Overfull \hbox (19.42813pt too wide) detected at line 90
\OML/cmm/m/it/10  \OT1/cmr/m/n/10 + (\OML/cmm/m/it/10 ^^L \OT1/cmr/m/n/10 + \O
ML/cmm/m/it/10 ^^U\OT1/cmr/m/n/10 ) = (\OML/cmm/m/it/10 a[] \OT1/cmr/m/n/10 + \
OML/cmm/m/it/10 b[]i\OT1/cmr/m/n/10 )((\OML/cmm/m/it/10 a[] \OT1/cmr/m/n/10 + \
OML/cmm/m/it/10 b[]i\OT1/cmr/m/n/10 ) + (\OML/cmm/m/it/10 a[] \OT1/cmr/m/n/10 +
 \OML/cmm/m/it/10 b[]i\OT1/cmr/m/n/10 )) = ((\OML/cmm/m/it/10 a[] \OT1/cmr/m/n/
10 + \OML/cmm/m/it/10 b[]i\OT1/cmr/m/n/10 )(\OML/cmm/m/it/10 a[] \OT1/cmr/m/n/1
0 + \OML/cmm/m/it/10 b[]i\OT1/cmr/m/n/10 )) + (\OML/cmm/m/it/10 a[] \OT1/cmr/m/
n/10 + \OML/cmm/m/it/10 b[]i\OT1/cmr/m/n/10 ) = (\OML/cmm/m/it/10 ^^L\OT1/cmr/
m/n/10 )\OML/cmm/m/it/10 ^^U
 []

[6] [7] [8] [9] [10] [11] [12] [13] [14]

LaTeX Warning: Command \i invalid in math mode on input line 534.

[15] [16] [17] [18]
Chapter 2.
[19

] [20] [21]
Overfull \hbox (15.98758pt too wide) detected at line 837
[] [] \OT1/cmr/m/n/10 = [] [] = [] [] + [] [] = \OML/cmm/m/it/10 w [] [] \OT1/c
mr/m/n/10 + [] [] = 0
 []


Overfull \hbox (3.00644pt too wide) in paragraph at lines 847--848
\OT1/cmr/m/it/10 Suppose $\OML/cmm/m/it/10 v[]; :::; v[]$ \OT1/cmr/m/it/10 is l
in-early in-de-pen-dent in $\OML/cmm/m/it/10 V$ \OT1/cmr/m/it/10 and $\OML/cmm/
m/it/10 w \OMS/cmsy/m/n/10 2 \OML/cmm/m/it/10 V$\OT1/cmr/m/it/10 . Show that $\
OML/cmm/m/it/10 v[]; :::; v[]; w$
 []

[22] [23] [24] [25] [26] [27]
Overfull \hbox (28.54492pt too wide) detected at line 1124
[]\OT1/cmr/m/n/10 (\OML/cmm/m/it/10 U[] \OT1/cmr/m/n/10 + \OML/cmm/m/it/10 U[] 
\OT1/cmr/m/n/10 + \OML/cmm/m/it/10 U[]\OT1/cmr/m/n/10 ) = []((\OML/cmm/m/it/10 
U[] \OT1/cmr/m/n/10 + \OML/cmm/m/it/10 U[]\OT1/cmr/m/n/10 ) + \OML/cmm/m/it/10 
U[]\OT1/cmr/m/n/10 ) = [](\OML/cmm/m/it/10 U[] \OT1/cmr/m/n/10 + \OML/cmm/m/it/
10 U[]\OT1/cmr/m/n/10 ) + [] \OML/cmm/m/it/10 U[] \OMS/cmsy/m/n/10 ^^@ []\OT1/c
mr/m/n/10 ((\OML/cmm/m/it/10 U[] \OT1/cmr/m/n/10 + \OML/cmm/m/it/10 U[]\OT1/cmr
/m/n/10 ) \OMS/cmsy/m/n/10 \ \OML/cmm/m/it/10 U[]\OT1/cmr/m/n/10 ) =
 []

[28]
Chapter 3.

Overfull \hbox (67.21442pt too wide) detected at line 1156
\OT1/cmr/m/n/10 = \OML/cmm/m/it/10 T\OT1/cmr/m/n/10 ((1\OML/cmm/m/it/10 ; \OT1/
cmr/m/n/10 1\OML/cmm/m/it/10 ; \OT1/cmr/m/n/10 1)) + \OML/cmm/m/it/10 T\OT1/cmr
/m/n/10 (2\OML/cmm/m/it/10 ; \OT1/cmr/m/n/10 2\OML/cmm/m/it/10 ; \OT1/cmr/m/n/1
0 2) = (2 \OMS/cmsy/m/n/10 ^^@ \OT1/cmr/m/n/10 4 + 3\OML/cmm/m/it/10 ; \OT1/cmr
/m/n/10 6 + \OML/cmm/m/it/10 c\OT1/cmr/m/n/10 ) + (4 \OMS/cmsy/m/n/10 ^^@ \OT1/
cmr/m/n/10 8 + 6\OML/cmm/m/it/10 ; \OT1/cmr/m/n/10 12 + 8\OML/cmm/m/it/10 c\OT1
/cmr/m/n/10 ) = (1\OML/cmm/m/it/10 ; \OT1/cmr/m/n/10 6 + \OML/cmm/m/it/10 c\OT1
/cmr/m/n/10 ) + (2\OML/cmm/m/it/10 ; \OT1/cmr/m/n/10 12 + 8\OML/cmm/m/it/10 c\O
T1/cmr/m/n/10 ) = (3\OML/cmm/m/it/10 ; \OT1/cmr/m/n/10 18 + 9\OML/cmm/m/it/10 c
\OT1/cmr/m/n/10 )
 []

[29

]
Overfull \hbox (63.69894pt too wide) detected at line 1192
\OML/cmm/m/it/10 T\OT1/cmr/m/n/10 (\OML/cmm/m/it/10 v\OT1/cmr/m/n/10 ) = \OML/c
mm/m/it/10 T\OT1/cmr/m/n/10 (\OML/cmm/m/it/10 x[]; x[]; :::\OT1/cmr/m/n/10 ) = 
\OML/cmm/m/it/10 T\OT1/cmr/m/n/10 (\OML/cmm/m/it/10 x[]; \OT1/cmr/m/n/10 0\OML/
cmm/m/it/10 ; \OT1/cmr/m/n/10 0\OML/cmm/m/it/10 ; :::\OT1/cmr/m/n/10 ) + \OML/c
mm/m/it/10 T\OT1/cmr/m/n/10 (0\OML/cmm/m/it/10 ; x[]; \OT1/cmr/m/n/10 0\OML/cmm
/m/it/10 ; :::\OT1/cmr/m/n/10 ) + \OML/cmm/m/it/10 ::: \OT1/cmr/m/n/10 = \OML/c
mm/m/it/10 x[]T\OT1/cmr/m/n/10 (1\OML/cmm/m/it/10 ; \OT1/cmr/m/n/10 0\OML/cmm/m
/it/10 ; \OT1/cmr/m/n/10 0\OML/cmm/m/it/10 ; :::\OT1/cmr/m/n/10 ) + \OML/cmm/m/
it/10 x[]T\OT1/cmr/m/n/10 (0\OML/cmm/m/it/10 ; \OT1/cmr/m/n/10 1\OML/cmm/m/it/1
0 ; \OT1/cmr/m/n/10 0\OML/cmm/m/it/10 ; :::\OT1/cmr/m/n/10 ) + \OML/cmm/m/it/10
 ::: \OT1/cmr/m/n/10 =
 []


Overfull \hbox (20.13945pt too wide) detected at line 1194
\OT1/cmr/m/n/10 = (\OML/cmm/m/it/10 x[]A[]; x[]A[]; :::\OT1/cmr/m/n/10 ) + (\OM
L/cmm/m/it/10 x[]A[]; x[]A[]; :::\OT1/cmr/m/n/10 ) = (\OML/cmm/m/it/10 x[]A[] \
OT1/cmr/m/n/10 + \OML/cmm/m/it/10 x[]A[] \OT1/cmr/m/n/10 + \OML/cmm/m/it/10 :::
; x[]A[] \OT1/cmr/m/n/10 + \OML/cmm/m/it/10 x[]A[] \OT1/cmr/m/n/10 + \OML/cmm/m
/it/10 :::\OT1/cmr/m/n/10 )
 []


Overfull \hbox (16.8861pt too wide) in paragraph at lines 1200--1201
\OT1/cmr/m/it/10 Suppose $\OML/cmm/m/it/10 T \OMS/cmsy/m/n/10 2 L\OT1/cmr/m/n/1
0 (\OML/cmm/m/it/10 V; W\OT1/cmr/m/n/10 )$ \OT1/cmr/m/it/10 and $\OML/cmm/m/it/
10 v[]; v[]; :::v[]$ \OT1/cmr/m/it/10 is a list of vec-tors in $\OML/cmm/m/it/1
0 V$ \OT1/cmr/m/it/10 such that $\OML/cmm/m/it/10 Tv[]; :::; ; Tv[]$
 []

[30]
Overfull \hbox (5.97815pt too wide) detected at line 1237
\OT1/cmr/m/n/10 ((\OML/cmm/m/it/10 T[]T[]\OT1/cmr/m/n/10 )\OML/cmm/m/it/10 T[]\
OT1/cmr/m/n/10 )(\OML/cmm/m/it/10 v\OT1/cmr/m/n/10 ) = (\OML/cmm/m/it/10 T[]T[]
\OT1/cmr/m/n/10 )(\OML/cmm/m/it/10 T[]\OT1/cmr/m/n/10 (\OML/cmm/m/it/10 v\OT1/c
mr/m/n/10 )) = \OML/cmm/m/it/10 T[]\OT1/cmr/m/n/10 (\OML/cmm/m/it/10 T[]\OT1/cm
r/m/n/10 (\OML/cmm/m/it/10 T[]\OT1/cmr/m/n/10 (\OML/cmm/m/it/10 v\OT1/cmr/m/n/1
0 ))) = \OML/cmm/m/it/10 T[]\OT1/cmr/m/n/10 ((\OML/cmm/m/it/10 T[]T[]\OT1/cmr/m
/n/10 )(\OML/cmm/m/it/10 v\OT1/cmr/m/n/10 )) = (\OML/cmm/m/it/10 T[]\OT1/cmr/m/
n/10 (\OML/cmm/m/it/10 T[]T[]\OT1/cmr/m/n/10 ))(\OML/cmm/m/it/10 v\OT1/cmr/m/n/
10 )
 []


Overfull \hbox (32.46057pt too wide) detected at line 1248
\OML/cmm/m/it/10 S\OT1/cmr/m/n/10 (\OML/cmm/m/it/10 T[] \OT1/cmr/m/n/10 + \OML/
cmm/m/it/10 T[]\OT1/cmr/m/n/10 )(\OML/cmm/m/it/10 v\OT1/cmr/m/n/10 ) = \OML/cmm
/m/it/10 S\OT1/cmr/m/n/10 ((\OML/cmm/m/it/10 T[] \OT1/cmr/m/n/10 + \OML/cmm/m/i
t/10 T[]\OT1/cmr/m/n/10 )(\OML/cmm/m/it/10 v\OT1/cmr/m/n/10 )) = \OML/cmm/m/it/
10 S\OT1/cmr/m/n/10 (\OML/cmm/m/it/10 T[]\OT1/cmr/m/n/10 (\OML/cmm/m/it/10 v\OT
1/cmr/m/n/10 ) + \OML/cmm/m/it/10 T[]\OT1/cmr/m/n/10 (\OML/cmm/m/it/10 v\OT1/cm
r/m/n/10 )) = \OML/cmm/m/it/10 S\OT1/cmr/m/n/10 (\OML/cmm/m/it/10 T[]\OT1/cmr/m
/n/10 (\OML/cmm/m/it/10 v\OT1/cmr/m/n/10 )) + \OML/cmm/m/it/10 S\OT1/cmr/m/n/10
 (\OML/cmm/m/it/10 T[]\OT1/cmr/m/n/10 (\OML/cmm/m/it/10 v\OT1/cmr/m/n/10 )) = \
OML/cmm/m/it/10 ST[]v \OT1/cmr/m/n/10 + \OML/cmm/m/it/10 ST[]v
 []

[31] [32] [33] [34] [35] [36] [37] [38]
Overfull \hbox (30.31767pt too wide) detected at line 1583
\OML/cmm/m/it/10 TSw \OT1/cmr/m/n/10 = \OML/cmm/m/it/10 TW\OT1/cmr/m/n/10 ([] \
OML/cmm/m/it/10 a[]w[]\OT1/cmr/m/n/10 ) = \OML/cmm/m/it/10 T\OT1/cmr/m/n/10 ([]
 \OML/cmm/m/it/10 a[]Ww[]\OT1/cmr/m/n/10 ) = \OML/cmm/m/it/10 T\OT1/cmr/m/n/10 
([] \OML/cmm/m/it/10 a[]v[]\OT1/cmr/m/n/10 ) = [] \OML/cmm/m/it/10 a[]Tv[] \OT1
/cmr/m/n/10 = [] \OML/cmm/m/it/10 a[]w[] \OT1/cmr/m/n/10 = \OML/cmm/m/it/10 w
 []

[39]
Overfull \hbox (31.0601pt too wide) in paragraph at lines 1632--1642
[]\OT1/cmr/bx/n/10 In for-ward di-rec-tion\OT1/cmr/m/n/10 : Sup-pose $\OML/cmm/
m/it/10 nullT[] \OMS/cmsy/m/n/10 ^^Z \OML/cmm/m/it/10 nullT[]$\OT1/cmr/m/n/10 .
 This im-plies that $[] \OML/cmm/m/it/10 rangeT[] \OMS/cmsy/m/n/10 ^^U
 []

[40]
Overfull \hbox (30.16632pt too wide) detected at line 1668
\OML/cmm/m/it/10 T[]Sv \OT1/cmr/m/n/10 = \OML/cmm/m/it/10 T[]S [] a[]v[] \OT1/c
mr/m/n/10 = \OML/cmm/m/it/10 T[] [] a[]Sv[] \OT1/cmr/m/n/10 = \OML/cmm/m/it/10 
T[] [] a[]v[] \OT1/cmr/m/n/10 = [] \OML/cmm/m/it/10 a[]T[]v[] \OT1/cmr/m/n/10 =
 \OML/cmm/m/it/10 T[] [] a[]v[] \OT1/cmr/m/n/10 = \OML/cmm/m/it/10 T[]v
 []

[41] (./linear_algebra.aux)
Package rerunfilecheck Info: File `linear_algebra.out' has not changed.
(rerunfilecheck)             Checksum: F98937526E8F4CF0B4BBF4F0A1AD91B2;7778.
 ) 
Here is how much of TeX's memory you used:
 8818 strings out of 478238
 135207 string characters out of 5850455
 430547 words of memory out of 5000000
 26805 multiletter control sequences out of 15000+600000
 482055 words of font info for 75 fonts, out of 8000000 for 9000
 1141 hyphenation exceptions out of 8191
 60i,13n,63p,276b,357s stack positions out of 5000i,500n,10000p,200000b,80000s
</usr/share/texmf-dist/fonts/type1/public/amsfonts/cm/cmbx10.pfb></usr/share/
texmf-dist/fonts/type1/public/amsfonts/cm/cmbx12.pfb></usr/share/texmf-dist/fon
ts/type1/public/amsfonts/cm/cmbxti10.pfb></usr/share/texmf-dist/fonts/type1/pub
lic/amsfonts/cm/cmex10.pfb></usr/share/texmf-dist/fonts/type1/public/amsfonts/c
m/cmmi10.pfb></usr/share/texmf-dist/fonts/type1/public/amsfonts/cm/cmmi12.pfb><
/usr/share/texmf-dist/fonts/type1/public/amsfonts/cm/cmmi7.pfb></usr/share/texm
f-dist/fonts/type1/public/amsfonts/cm/cmr10.pfb></usr/share/texmf-dist/fonts/ty
pe1/public/amsfonts/cm/cmr12.pfb></usr/share/texmf-dist/fonts/type1/public/amsf
onts/cm/cmr17.pfb></usr/share/texmf-dist/fonts/type1/public/amsfonts/cm/cmr5.pf
b></usr/share/texmf-dist/fonts/type1/public/amsfonts/cm/cmr7.pfb></usr/share/te
xmf-dist/fonts/type1/public/amsfonts/cm/cmsl10.pfb></usr/share/texmf-dist/fonts
/type1/public/amsfonts/cm/cmsy10.pfb></usr/share/texmf-dist/fonts/type1/public/
amsfonts/cm/cmsy7.pfb></usr/share/texmf-dist/fonts/type1/public/amsfonts/cm/cmt
i10.pfb>
Output written on linear_algebra.pdf (42 pages, 301091 bytes).
PDF statistics:
 929 PDF objects out of 1000 (max. 8388607)
 844 compressed objects within 9 object streams
 168 named destinations out of 1000 (max. 500000)
 993 words of extra memory for PDF output out of 10000 (max. 10000000)

