\BOOKMARK [0][-]{chapter.1}{\376\377\000D\000i\000f\000f\000e\000r\000e\000n\000t\000i\000a\000t\000i\000o\000n}{}% 1
\BOOKMARK [1][-]{section.1.1}{\376\377\000S\000t\000a\000n\000d\000a\000r\000d\000\040\000d\000i\000f\000f\000e\000r\000e\000n\000t\000i\000a\000t\000i\000o\000n}{chapter.1}% 2
\BOOKMARK [2][-]{subsection.1.1.1}{}{section.1.1}% 3
\BOOKMARK [2][-]{subsection.1.1.2}{}{section.1.1}% 4
\BOOKMARK [2][-]{subsection.1.1.3}{}{section.1.1}% 5
\BOOKMARK [2][-]{subsection.1.1.4}{}{section.1.1}% 6
\BOOKMARK [2][-]{subsection.1.1.5}{}{section.1.1}% 7
\BOOKMARK [2][-]{subsection.1.1.6}{}{section.1.1}% 8
\BOOKMARK [2][-]{subsection.1.1.7}{}{section.1.1}% 9
\BOOKMARK [2][-]{subsection.1.1.8}{}{section.1.1}% 10
\BOOKMARK [2][-]{subsection.1.1.9}{}{section.1.1}% 11
\BOOKMARK [2][-]{subsection.1.1.10}{}{section.1.1}% 12
\BOOKMARK [1][-]{section.1.2}{\376\377\000I\000n\000v\000e\000r\000s\000e\000\040\000t\000r\000i\000g\000o\000n\000o\000m\000e\000t\000r\000i\000c\000\040\000a\000n\000d\000\040\000l\000o\000g\000a\000r\000y\000t\000h\000m\000i\000c\000\040\000i\000n\000t\000e\000g\000r\000a\000t\000i\000o\000n}{chapter.1}% 13
\BOOKMARK [2][-]{subsection.1.2.1}{}{section.1.2}% 14
\BOOKMARK [2][-]{subsection.1.2.2}{}{section.1.2}% 15
\BOOKMARK [2][-]{subsection.1.2.3}{}{section.1.2}% 16
\BOOKMARK [2][-]{subsection.1.2.4}{}{section.1.2}% 17
\BOOKMARK [2][-]{subsection.1.2.5}{}{section.1.2}% 18
\BOOKMARK [2][-]{subsection.1.2.6}{}{section.1.2}% 19
\BOOKMARK [2][-]{subsection.1.2.7}{}{section.1.2}% 20
\BOOKMARK [2][-]{subsection.1.2.8}{}{section.1.2}% 21
\BOOKMARK [2][-]{subsection.1.2.9}{}{section.1.2}% 22
\BOOKMARK [2][-]{subsection.1.2.10}{}{section.1.2}% 23
\BOOKMARK [2][-]{subsection.1.2.11}{}{section.1.2}% 24
\BOOKMARK [2][-]{subsection.1.2.12}{}{section.1.2}% 25
\BOOKMARK [2][-]{subsection.1.2.13}{}{section.1.2}% 26
\BOOKMARK [2][-]{subsection.1.2.14}{}{section.1.2}% 27
\BOOKMARK [2][-]{subsection.1.2.15}{}{section.1.2}% 28
\BOOKMARK [2][-]{subsection.1.2.16}{}{section.1.2}% 29
\BOOKMARK [2][-]{subsection.1.2.17}{}{section.1.2}% 30
\BOOKMARK [2][-]{subsection.1.2.18}{}{section.1.2}% 31
\BOOKMARK [2][-]{subsection.1.2.19}{}{section.1.2}% 32
\BOOKMARK [2][-]{subsection.1.2.20}{}{section.1.2}% 33
\BOOKMARK [2][-]{subsection.1.2.21}{}{section.1.2}% 34
\BOOKMARK [0][-]{chapter.2}{\376\377\000B\000a\000s\000i\000c\000\040\000i\000n\000t\000e\000g\000r\000a\000t\000i\000o\000n}{}% 35
\BOOKMARK [1][-]{section.2.1}{\376\377\000B\000a\000s\000i\000c\000\040\000i\000n\000t\000e\000g\000r\000a\000l\000s}{chapter.2}% 36
\BOOKMARK [2][-]{subsection.2.1.1}{}{section.2.1}% 37
\BOOKMARK [2][-]{subsection.2.1.2}{}{section.2.1}% 38
\BOOKMARK [1][-]{section.2.2}{\376\377\000S\000u\000b\000s\000t\000i\000t\000u\000t\000i\000o\000n}{chapter.2}% 39
\BOOKMARK [2][-]{subsection.2.2.1}{}{section.2.2}% 40
\BOOKMARK [2][-]{subsection.2.2.2}{}{section.2.2}% 41
\BOOKMARK [2][-]{subsection.2.2.3}{}{section.2.2}% 42
\BOOKMARK [2][-]{subsection.2.2.4}{}{section.2.2}% 43
\BOOKMARK [1][-]{section.2.3}{\376\377\000I\000n\000t\000e\000g\000r\000a\000t\000i\000o\000n\000\040\000b\000y\000\040\000p\000a\000r\000t\000s}{chapter.2}% 44
\BOOKMARK [2][-]{subsection.2.3.1}{}{section.2.3}% 45
