\BOOKMARK [2][-]{subsection.0.0.1}{\376\377\000T\000r\000i\000a\000n\000g\000u\000l\000a\000r\000\040\000n\000u\000m\000b\000e\000r\000s}{}% 1
\BOOKMARK [-1][-]{part.1}{\376\377\000I\000\040\000F\000o\000u\000n\000d\000a\000t\000i\000o\000n\000s}{}% 2
\BOOKMARK [0][-]{chapter.1}{\376\377\000T\000h\000e\000\040\000R\000o\000l\000e\000\040\000o\000f\000\040\000A\000l\000g\000o\000r\000i\000t\000h\000m\000s\000\040\000i\000n\000\040\000C\000o\000m\000p\000u\000t\000i\000n\000g}{part.1}% 3
\BOOKMARK [1][-]{section.1.1}{\376\377\000A\000l\000g\000o\000r\000i\000t\000h\000m\000s}{chapter.1}% 4
\BOOKMARK [2][-]{subsection.1.1.1}{}{section.1.1}% 5
\BOOKMARK [2][-]{subsection.1.1.2}{}{section.1.1}% 6
\BOOKMARK [2][-]{subsection.1.1.3}{}{section.1.1}% 7
\BOOKMARK [2][-]{subsection.1.1.4}{}{section.1.1}% 8
\BOOKMARK [2][-]{subsection.1.1.5}{}{section.1.1}% 9
\BOOKMARK [1][-]{section.1.2}{\376\377\000A\000l\000g\000o\000r\000i\000t\000h\000m\000s\000\040\000a\000s\000\040\000a\000\040\000t\000e\000c\000h\000n\000o\000l\000o\000g\000y}{chapter.1}% 10
\BOOKMARK [2][-]{subsection.1.2.1}{}{section.1.2}% 11
\BOOKMARK [2][-]{subsection.1.2.2}{}{section.1.2}% 12
\BOOKMARK [2][-]{subsection.1.2.3}{}{section.1.2}% 13
\BOOKMARK [0][-]{chapter.2}{\376\377\000G\000e\000t\000t\000i\000n\000g\000\040\000S\000t\000a\000r\000t\000e\000d}{part.1}% 14
\BOOKMARK [1][-]{section.2.1}{\376\377\000I\000n\000s\000e\000r\000i\000t\000i\000o\000n\000\040\000s\000o\000r\000t}{chapter.2}% 15
\BOOKMARK [2][-]{subsection.2.1.1}{}{section.2.1}% 16
\BOOKMARK [2][-]{subsection.2.1.2}{}{section.2.1}% 17
\BOOKMARK [2][-]{subsection.2.1.3}{}{section.2.1}% 18
\BOOKMARK [2][-]{subsection.2.1.4}{}{section.2.1}% 19
\BOOKMARK [2][-]{subsection.2.1.5}{}{section.2.1}% 20
\BOOKMARK [1][-]{section.2.2}{\376\377\000A\000n\000a\000l\000y\000z\000i\000n\000g\000\040\000a\000l\000g\000o\000r\000i\000t\000h\000m\000s}{chapter.2}% 21
\BOOKMARK [2][-]{subsection.2.2.1}{}{section.2.2}% 22
\BOOKMARK [2][-]{subsection.2.2.2}{}{section.2.2}% 23
\BOOKMARK [2][-]{subsection.2.2.3}{}{section.2.2}% 24
\BOOKMARK [2][-]{subsection.2.2.4}{}{section.2.2}% 25
\BOOKMARK [1][-]{section.2.3}{\376\377\000D\000e\000s\000i\000g\000n\000i\000n\000g\000\040\000a\000l\000g\000o\000r\000i\000t\000h\000m\000s}{chapter.2}% 26
\BOOKMARK [2][-]{subsection.2.3.1}{}{section.2.3}% 27
\BOOKMARK [2][-]{subsection.2.3.2}{}{section.2.3}% 28
\BOOKMARK [2][-]{subsection.2.3.3}{}{section.2.3}% 29
\BOOKMARK [2][-]{subsection.2.3.4}{}{section.2.3}% 30
\BOOKMARK [2][-]{subsection.2.3.5}{}{section.2.3}% 31
\BOOKMARK [2][-]{subsection.2.3.6}{}{section.2.3}% 32
\BOOKMARK [2][-]{subsection.2.3.7}{}{section.2.3}% 33
\BOOKMARK [2][-]{subsection.2.3.8}{}{section.2.3}% 34
\BOOKMARK [1][-]{section.2.4}{\376\377\000P\000r\000o\000b\000l\000e\000m\000s}{chapter.2}% 35
\BOOKMARK [2][-]{subsection.2.4.1}{\376\377\000I\000n\000s\000e\000r\000t\000i\000o\000n\000\040\000s\000o\000r\000t\000\040\000o\000n\000\040\000s\000m\000a\000l\000l\000\040\000a\000r\000r\000a\000y\000s\000\040\000i\000n\000\040\000m\000e\000r\000g\000e\000\040\000s\000o\000r\000t}{section.2.4}% 36
\BOOKMARK [2][-]{subsection.2.4.2}{\376\377\000C\000o\000r\000r\000e\000c\000t\000n\000e\000s\000s\000\040\000o\000f\000\040\000b\000u\000b\000b\000l\000e\000s\000o\000r\000t}{section.2.4}% 37
\BOOKMARK [2][-]{subsection.2.4.3}{\376\377\000C\000o\000r\000r\000e\000c\000t\000n\000e\000s\000s\000\040\000o\000f\000\040\000H\000o\000r\000n\000e\000r\000'\000s\000\040\000r\000u\000l\000e}{section.2.4}% 38
\BOOKMARK [2][-]{subsection.2.4.4}{}{section.2.4}% 39
\BOOKMARK [0][-]{chapter.3}{\376\377\000C\000h\000a\000r\000a\000c\000t\000e\000r\000i\000z\000i\000n\000g\000\040\000R\000u\000n\000n\000i\000n\000g\000\040\000T\000i\000m\000e\000s}{part.1}% 40
\BOOKMARK [1][-]{section.3.1}{\376\377\000O\000-\000n\000o\000t\000a\000t\000i\000o\000n\000,\000\040\000-\000n\000o\000t\000a\000t\000i\000o\000n\000,\000\040\000a\000n\000d\000\040\000-\000n\000o\000t\000a\000t\000i\000o\000n}{chapter.3}% 41
\BOOKMARK [2][-]{subsection.3.1.1}{}{section.3.1}% 42
\BOOKMARK [2][-]{subsection.3.1.2}{}{section.3.1}% 43
\BOOKMARK [2][-]{subsection.3.1.3}{}{section.3.1}% 44
\BOOKMARK [1][-]{section.3.2}{\376\377\000A\000s\000y\000m\000p\000t\000o\000t\000i\000c\000\040\000n\000o\000t\000a\000t\000i\000o\000n\000:\000\040\000f\000o\000r\000m\000a\000l\000\040\000d\000e\000f\000i\000n\000i\000t\000i\000o\000n\000s}{chapter.3}% 45
\BOOKMARK [2][-]{subsection.3.2.1}{}{section.3.2}% 46
\BOOKMARK [2][-]{subsection.3.2.2}{}{section.3.2}% 47
\BOOKMARK [2][-]{subsection.3.2.3}{}{section.3.2}% 48
\BOOKMARK [2][-]{subsection.3.2.4}{}{section.3.2}% 49
\BOOKMARK [2][-]{subsection.3.2.5}{}{section.3.2}% 50
\BOOKMARK [2][-]{subsection.3.2.6}{}{section.3.2}% 51
\BOOKMARK [1][-]{section.3.3}{\376\377\000S\000t\000a\000n\000d\000a\000r\000d\000\040\000n\000o\000t\000a\000t\000i\000o\000n\000s\000\040\000a\000n\000d\000\040\000c\000o\000m\000m\000o\000n\000\040\000f\000u\000n\000c\000t\000i\000o\000n\000s}{chapter.3}% 52
\BOOKMARK [2][-]{subsection.3.3.1}{}{section.3.3}% 53
\BOOKMARK [2][-]{subsection.3.3.2}{}{section.3.3}% 54
\BOOKMARK [2][-]{subsection.3.3.3}{}{section.3.3}% 55
