\BOOKMARK [0][-]{chapter.1}{\376\377\000I\000n\000t\000e\000g\000e\000r\000s}{}% 1
\BOOKMARK [1][-]{section.1.1}{\376\377\000D\000i\000v\000i\000s\000o\000r\000s}{chapter.1}% 2
\BOOKMARK [2][-]{subsection.1.1.1}{}{section.1.1}% 3
\BOOKMARK [2][-]{subsection.1.1.2}{}{section.1.1}% 4
\BOOKMARK [2][-]{subsection.1.1.3}{}{section.1.1}% 5
\BOOKMARK [2][-]{subsection.1.1.4}{}{section.1.1}% 6
\BOOKMARK [2][-]{subsection.1.1.5}{}{section.1.1}% 7
\BOOKMARK [2][-]{subsection.1.1.6}{}{section.1.1}% 8
\BOOKMARK [2][-]{subsection.1.1.7}{}{section.1.1}% 9
\BOOKMARK [2][-]{subsection.1.1.8}{}{section.1.1}% 10
\BOOKMARK [2][-]{subsection.1.1.9}{}{section.1.1}% 11
\BOOKMARK [2][-]{subsection.1.1.10}{}{section.1.1}% 12
\BOOKMARK [2][-]{subsection.1.1.11}{}{section.1.1}% 13
\BOOKMARK [2][-]{subsection.1.1.12}{}{section.1.1}% 14
\BOOKMARK [2][-]{subsection.1.1.13}{}{section.1.1}% 15
\BOOKMARK [2][-]{subsection.1.1.14}{}{section.1.1}% 16
\BOOKMARK [2][-]{subsection.1.1.15}{}{section.1.1}% 17
\BOOKMARK [2][-]{subsection.1.1.16}{}{section.1.1}% 18
\BOOKMARK [2][-]{subsection.1.1.17}{}{section.1.1}% 19
\BOOKMARK [2][-]{subsection.1.1.18}{}{section.1.1}% 20
\BOOKMARK [2][-]{subsection.1.1.19}{}{section.1.1}% 21
\BOOKMARK [2][-]{subsection.1.1.20}{}{section.1.1}% 22
\BOOKMARK [2][-]{subsection.1.1.21}{}{section.1.1}% 23
\BOOKMARK [2][-]{subsection.1.1.22}{}{section.1.1}% 24
\BOOKMARK [2][-]{subsection.1.1.23}{}{section.1.1}% 25
\BOOKMARK [2][-]{subsection.1.1.24}{}{section.1.1}% 26
\BOOKMARK [2][-]{subsection.1.1.25}{}{section.1.1}% 27
\BOOKMARK [2][-]{subsection.1.1.26}{\376\377\000P\000r\000i\000m\000e\000s}{section.1.1}% 28
\BOOKMARK [1][-]{section.1.2}{\376\377\000C\000o\000n\000g\000r\000u\000e\000n\000c\000e\000s}{chapter.1}% 29
